

Microchip MPLAB XC8 Assembler V2.40 build 20220703182018 
                                                                                               Fri Apr 28 23:09:14 2023

Microchip MPLAB XC8 C Compiler v2.40 (Free license) build 20220703182018 Og1 
     1                           	processor	18F47K42
     2                           	fnconf	rparam,??,?,0
     3                           	pagewidth 120
     4                           	opt	flic
     5                           	psect	cinit,global,reloc=2,class=CODE,delta=1
     6                           	psect	cstackCOMRAM,global,class=COMRAM,space=1,delta=1,lowdata,noexec
     7                           	psect	text0,global,reloc=2,class=CODE,delta=1
     8                           	psect	text1,global,reloc=2,class=CODE,delta=1
     9                           	psect	text2,global,reloc=2,class=CODE,delta=1
    10                           	psect	text3,global,reloc=2,class=CODE,delta=1
    11                           	psect	text4,global,reloc=2,class=CODE,delta=1
    12                           	psect	intsave_regs,global,class=BIGRAM,space=1,delta=1,noexec
    13                           	psect	rparam,global,class=COMRAM,space=1,delta=1,noexec
    14                           	psect	idloc,global,abs,ovrld,class=IDLOC,space=5,delta=1,noexec
    15                           	psect	config,global,abs,ovrld,class=CONFIG,space=4,delta=1,noexec
    16   000000                     
    17                           ; Version 2.35
    18                           ; Generated 05/05/2021 GMT
    19                           ; 
    20                           ; Copyright © 2021, Microchip Technology Inc. and its subsidiaries ("Microchip")
    21                           ; All rights reserved.
    22                           ; 
    23                           ; This software is developed by Microchip Technology Inc. and its subsidiaries ("Microch
      +                          ip").
    24                           ; 
    25                           ; Redistribution and use in source and binary forms, with or without modification, are
    26                           ; permitted provided that the following conditions are met:
    27                           ; 
    28                           ;     1. Redistributions of source code must retain the above copyright notice, this lis
      +                          t of
    29                           ;        conditions and the following disclaimer.
    30                           ; 
    31                           ;     2. Redistributions in binary form must reproduce the above copyright notice, this 
      +                          list
    32                           ;        of conditions and the following disclaimer in the documentation and/or other
    33                           ;        materials provided with the distribution. Publication is not required when
    34                           ;        this file is used in an embedded application.
    35                           ; 
    36                           ;     3. Microchip's name may not be used to endorse or promote products derived from th
      +                          is
    37                           ;        software without specific prior written permission.
    38                           ; 
    39                           ; THIS SOFTWARE IS PROVIDED BY MICROCHIP "AS IS" AND ANY EXPRESS OR IMPLIED WARRANTIES,
    40                           ; INCLUDING, BUT NOT LIMITED TO, THE IMPLIED WARRANTIES OF MERCHANTABILITY AND FITNESS F
      +                          OR
    41                           ; PURPOSE ARE DISCLAIMED.  IN NO EVENT SHALL MICROCHIP BE LIABLE FOR ANY DIRECT, INDIREC
      +                          T,
    42                           ; INCIDENTAL, SPECIAL, EXEMPLARY, OR CONSEQUENTIAL DAMAGES (INCLUDING BUT NOT LIMITED TO
    43                           ; PROCUREMENT OF SUBSTITUTE GOODS OR SERVICES; LOSS OF USE, DATA OR PROFITS; OR BUSINESS
    44                           ; INTERRUPTION) HOWSOEVER CAUSED AND ON ANY THEORY OF LIABILITY, WHETHER IN CONTRACT, ST
      +                          RICT
    45                           ; LIABILITY, OR TORT (INCLUDING NEGLIGENCE OR OTHERWISE) ARISING IN ANY WAY OUT OF THE U
      +                          SE OF
    46                           ; THIS SOFTWARE, EVEN IF ADVISED OF THE POSSIBILITY OF SUCH DAMAGE.
    47                           ; 
    48                           ; 
    49                           ; Code-generator required, PIC18F47K42 Definitions
    50                           ; 
    51                           ; SFR Addresses
    52   000000                     _TRISD	set	16325
    53   000000                     _TRISC	set	16324
    54   000000                     _TRISB	set	16323
    55   000000                     _LATC	set	16316
    56   000000                     _LATB	set	16315
    57   000000                     _OSCTUNE	set	14814
    58   000000                     _OSCFRQ	set	14815
    59   000000                     _LATD	set	16317
    60   000000                     _PMD0	set	14784
    61   000000                     _OSCCON1	set	14809
    62   000000                     _OSCCON3	set	14811
    63   000000                     _OSCEN	set	14813
    64   000000                     _ANSELA	set	14912
    65   000000                     _ANSELB	set	14928
    66   000000                     _ANSELC	set	14944
    67   000000                     _ANSELD	set	14960
    68   000000                     _LATA	set	16314
    69   000000                     _LATDbits	set	16317
    70   000000                     _PMD7	set	14791
    71   000000                     _PMD6	set	14790
    72   000000                     _PMD5	set	14789
    73   000000                     _PMD4	set	14788
    74   000000                     _PMD3	set	14787
    75   000000                     _PMD2	set	14786
    76   000000                     _PMD1	set	14785
    77   000000                     _TRISA	set	16322
    78   000000                     _TRISE	set	16326
    79   000000                     _LATE	set	16318
    80   000000                     _INLVLD	set	14964
    81   000000                     _SLRCOND	set	14963
    82   000000                     _ODCOND	set	14962
    83   000000                     _RD0I2C	set	14970
    84   000000                     _WPUD	set	14961
    85   000000                     _ANSELE	set	14976
    86   000000                     _INLVLC	set	14948
    87   000000                     _SLRCONC	set	14947
    88   000000                     _ODCONC	set	14946
    89   000000                     _RC3I2C	set	14954
    90   000000                     _WPUC	set	14945
    91   000000                     _INLVLB	set	14932
    92   000000                     _SLRCONB	set	14931
    93   000000                     _ODCONB	set	14930
    94   000000                     _RB1I2C	set	14938
    95   000000                     _WPUB	set	14929
    96   000000                     _INLVLE	set	14980
    97   000000                     _SLRCONE	set	14979
    98   000000                     _ODCONE	set	14978
    99   000000                     _WPUE	set	14977
   100   000000                     _INLVLA	set	14916
   101   000000                     _SLRCONA	set	14915
   102   000000                     _ODCONA	set	14914
   103   000000                     _WPUA	set	14913
   104   000000                     _RB2I2C	set	14939
   105   000000                     _RC4I2C	set	14955
   106   000000                     _RD1I2C	set	14971
   107                           
   108                           ; #config settings
   109                           
   110                           	psect	cinit
   111   01FEE4                     __pcinit:
   112                           	callstack 0
   113   01FEE4                     start_initialization:
   114                           	callstack 0
   115   01FEE4                     __initialization:
   116                           	callstack 0
   117   01FEE4                     end_of_initialization:
   118                           	callstack 0
   119   01FEE4                     __end_of__initialization:
   120                           	callstack 0
   121   01FEE4  0100               	movlb	0
   122   01FEE6  EF9A  F0FF         	goto	_main	;jump to C main() function
   123                           
   124                           	psect	cstackCOMRAM
   125   000001                     __pcstackCOMRAM:
   126                           	callstack 0
   127   000001                     ??_main:
   128                           
   129                           ; 1 bytes @ 0x0
   130   000001                     	ds	2
   131                           
   132 ;;
   133 ;;Main: autosize = 0, tempsize = 2, incstack = 0, save=0
   134 ;;
   135 ;; *************** function _main *****************
   136 ;; Defined at:
   137 ;;		line 49 in file "main.c"
   138 ;; Parameters:    Size  Location     Type
   139 ;;		None
   140 ;; Auto vars:     Size  Location     Type
   141 ;;		None
   142 ;; Return value:  Size  Location     Type
   143 ;;                  1    wreg      void 
   144 ;; Registers used:
   145 ;;		wreg, status,2, cstack
   146 ;; Tracked objects:
   147 ;;		On entry : 0/0
   148 ;;		On exit  : 0/0
   149 ;;		Unchanged: 0/0
   150 ;; Data sizes:     COMRAM   BANK0   BANK1   BANK2   BANK3   BANK4   BANK5   BANK6   BANK7   BANK8   BANK9  BANK10  BANK1
      +1  BANK12  BANK13  BANK14  BANK15  BANK16  BANK17  BANK18  BANK19  BANK20  BANK21  BANK22  BANK23  BANK24  BANK25  BANK2
      +6  BANK27  BANK28  BANK29  BANK30  BANK31
   151 ;;      Params:         0       0       0       0       0       0       0       0       0       0       0       0       
      +0       0       0       0       0       0       0       0       0       0       0       0       0       0       0       
      +0       0       0       0       0       0
   152 ;;      Locals:         0       0       0       0       0       0       0       0       0       0       0       0       
      +0       0       0       0       0       0       0       0       0       0       0       0       0       0       0       
      +0       0       0       0       0       0
   153 ;;      Temps:          2       0       0       0       0       0       0       0       0       0       0       0       
      +0       0       0       0       0       0       0       0       0       0       0       0       0       0       0       
      +0       0       0       0       0       0
   154 ;;      Totals:         2       0       0       0       0       0       0       0       0       0       0       0       
      +0       0       0       0       0       0       0       0       0       0       0       0       0       0       0       
      +0       0       0       0       0       0
   155 ;;Total ram usage:        2 bytes
   156 ;; Hardware stack levels required when called: 2
   157 ;; This function calls:
   158 ;;		_SYSTEM_Initialize
   159 ;; This function is called by:
   160 ;;		Startup code after reset
   161 ;; This function uses a non-reentrant model
   162 ;;
   163                           
   164                           	psect	text0
   165   01FF34                     __ptext0:
   166                           	callstack 0
   167   01FF34                     _main:
   168                           	callstack 29
   169   01FF34                     
   170                           ;main.c: 52:     SYSTEM_Initialize();
   171   01FF34  EC75  F0FF         	call	_SYSTEM_Initialize	;wreg free
   172   01FF38                     l861:
   173   01FF38  84BD               	bsf	189,2,c	;volatile
   174   01FF3A                     
   175                           ;main.c: 68:         _delay((unsigned long)((1000)*(1000000/4000.0)));
   176   01FF3A  0E02               	movlw	2
   177   01FF3C  6E02               	movwf	(??_main+1)^0,c
   178   01FF3E  0E45               	movlw	69
   179   01FF40  6E01               	movwf	??_main^0,c
   180   01FF42  0EAA               	movlw	170
   181   01FF44                     u17:
   182   01FF44  2EE8               	decfsz	wreg,f,c
   183   01FF46  D7FE               	bra	u17
   184   01FF48  2E01               	decfsz	??_main^0,f,c
   185   01FF4A  D7FC               	bra	u17
   186   01FF4C  2E02               	decfsz	(??_main+1)^0,f,c
   187   01FF4E  D7FA               	bra	u17
   188   01FF50  94BD               	bcf	189,2,c	;volatile
   189   01FF52                     
   190                           ;main.c: 70:         _delay((unsigned long)((1000)*(1000000/4000.0)));
   191   01FF52  0E02               	movlw	2
   192   01FF54  6E02               	movwf	(??_main+1)^0,c
   193   01FF56  0E45               	movlw	69
   194   01FF58  6E01               	movwf	??_main^0,c
   195   01FF5A  0EAA               	movlw	170
   196   01FF5C                     u27:
   197   01FF5C  2EE8               	decfsz	wreg,f,c
   198   01FF5E  D7FE               	bra	u27
   199   01FF60  2E01               	decfsz	??_main^0,f,c
   200   01FF62  D7FC               	bra	u27
   201   01FF64  2E02               	decfsz	(??_main+1)^0,f,c
   202   01FF66  D7FA               	bra	u27
   203   01FF68  EF9C  F0FF         	goto	l861
   204   01FF6C  EFFE  F0FF         	goto	start
   205   01FF70                     __end_of_main:
   206                           	callstack 0
   207                           
   208 ;; *************** function _SYSTEM_Initialize *****************
   209 ;; Defined at:
   210 ;;		line 50 in file "mcc_generated_files/mcc.c"
   211 ;; Parameters:    Size  Location     Type
   212 ;;		None
   213 ;; Auto vars:     Size  Location     Type
   214 ;;		None
   215 ;; Return value:  Size  Location     Type
   216 ;;                  1    wreg      void 
   217 ;; Registers used:
   218 ;;		wreg, status,2, cstack
   219 ;; Tracked objects:
   220 ;;		On entry : 0/0
   221 ;;		On exit  : 0/0
   222 ;;		Unchanged: 0/0
   223 ;; Data sizes:     COMRAM   BANK0   BANK1   BANK2   BANK3   BANK4   BANK5   BANK6   BANK7   BANK8   BANK9  BANK10  BANK1
      +1  BANK12  BANK13  BANK14  BANK15  BANK16  BANK17  BANK18  BANK19  BANK20  BANK21  BANK22  BANK23  BANK24  BANK25  BANK2
      +6  BANK27  BANK28  BANK29  BANK30  BANK31
   224 ;;      Params:         0       0       0       0       0       0       0       0       0       0       0       0       
      +0       0       0       0       0       0       0       0       0       0       0       0       0       0       0       
      +0       0       0       0       0       0
   225 ;;      Locals:         0       0       0       0       0       0       0       0       0       0       0       0       
      +0       0       0       0       0       0       0       0       0       0       0       0       0       0       0       
      +0       0       0       0       0       0
   226 ;;      Temps:          0       0       0       0       0       0       0       0       0       0       0       0       
      +0       0       0       0       0       0       0       0       0       0       0       0       0       0       0       
      +0       0       0       0       0       0
   227 ;;      Totals:         0       0       0       0       0       0       0       0       0       0       0       0       
      +0       0       0       0       0       0       0       0       0       0       0       0       0       0       0       
      +0       0       0       0       0       0
   228 ;;Total ram usage:        0 bytes
   229 ;; Hardware stack levels used: 1
   230 ;; Hardware stack levels required when called: 1
   231 ;; This function calls:
   232 ;;		_OSCILLATOR_Initialize
   233 ;;		_PIN_MANAGER_Initialize
   234 ;;		_PMD_Initialize
   235 ;; This function is called by:
   236 ;;		_main
   237 ;; This function uses a non-reentrant model
   238 ;;
   239                           
   240                           	psect	text1
   241   01FEEA                     __ptext1:
   242                           	callstack 0
   243   01FEEA                     _SYSTEM_Initialize:
   244                           	callstack 29
   245   01FEEA                     
   246                           ;mcc_generated_files/mcc.c: 52:     PMD_Initialize();
   247   01FEEA  EC88  F0FF         	call	_PMD_Initialize	;wreg free
   248                           
   249                           ;mcc_generated_files/mcc.c: 53:     PIN_MANAGER_Initialize();
   250   01FEEE  ECB8  F0FF         	call	_PIN_MANAGER_Initialize	;wreg free
   251                           
   252                           ;mcc_generated_files/mcc.c: 54:     OSCILLATOR_Initialize();
   253   01FEF2  EC7C  F0FF         	call	_OSCILLATOR_Initialize	;wreg free
   254   01FEF6  0012               	return		;funcret
   255   01FEF8                     __end_of_SYSTEM_Initialize:
   256                           	callstack 0
   257                           
   258 ;; *************** function _PMD_Initialize *****************
   259 ;; Defined at:
   260 ;;		line 71 in file "mcc_generated_files/mcc.c"
   261 ;; Parameters:    Size  Location     Type
   262 ;;		None
   263 ;; Auto vars:     Size  Location     Type
   264 ;;		None
   265 ;; Return value:  Size  Location     Type
   266 ;;                  1    wreg      void 
   267 ;; Registers used:
   268 ;;		wreg, status,2
   269 ;; Tracked objects:
   270 ;;		On entry : 0/0
   271 ;;		On exit  : 0/0
   272 ;;		Unchanged: 0/0
   273 ;; Data sizes:     COMRAM   BANK0   BANK1   BANK2   BANK3   BANK4   BANK5   BANK6   BANK7   BANK8   BANK9  BANK10  BANK1
      +1  BANK12  BANK13  BANK14  BANK15  BANK16  BANK17  BANK18  BANK19  BANK20  BANK21  BANK22  BANK23  BANK24  BANK25  BANK2
      +6  BANK27  BANK28  BANK29  BANK30  BANK31
   274 ;;      Params:         0       0       0       0       0       0       0       0       0       0       0       0       
      +0       0       0       0       0       0       0       0       0       0       0       0       0       0       0       
      +0       0       0       0       0       0
   275 ;;      Locals:         0       0       0       0       0       0       0       0       0       0       0       0       
      +0       0       0       0       0       0       0       0       0       0       0       0       0       0       0       
      +0       0       0       0       0       0
   276 ;;      Temps:          0       0       0       0       0       0       0       0       0       0       0       0       
      +0       0       0       0       0       0       0       0       0       0       0       0       0       0       0       
      +0       0       0       0       0       0
   277 ;;      Totals:         0       0       0       0       0       0       0       0       0       0       0       0       
      +0       0       0       0       0       0       0       0       0       0       0       0       0       0       0       
      +0       0       0       0       0       0
   278 ;;Total ram usage:        0 bytes
   279 ;; Hardware stack levels used: 1
   280 ;; This function calls:
   281 ;;		Nothing
   282 ;; This function is called by:
   283 ;;		_SYSTEM_Initialize
   284 ;; This function uses a non-reentrant model
   285 ;;
   286                           
   287                           	psect	text2
   288   01FF10                     __ptext2:
   289                           	callstack 0
   290   01FF10                     _PMD_Initialize:
   291                           	callstack 29
   292   01FF10                     
   293                           ;mcc_generated_files/mcc.c: 74:     PMD0 = 0x00;
   294   01FF10  0E00               	movlw	0
   295   01FF12  0139               	movlb	57	; () banked
   296   01FF14  6FC0               	movwf	192,b	;volatile
   297                           
   298                           ;mcc_generated_files/mcc.c: 76:     PMD1 = 0x00;
   299   01FF16  0E00               	movlw	0
   300   01FF18  6FC1               	movwf	193,b	;volatile
   301                           
   302                           ;mcc_generated_files/mcc.c: 78:     PMD2 = 0x00;
   303   01FF1A  0E00               	movlw	0
   304   01FF1C  6FC2               	movwf	194,b	;volatile
   305                           
   306                           ;mcc_generated_files/mcc.c: 80:     PMD3 = 0x00;
   307   01FF1E  0E00               	movlw	0
   308   01FF20  6FC3               	movwf	195,b	;volatile
   309                           
   310                           ;mcc_generated_files/mcc.c: 82:     PMD4 = 0x00;
   311   01FF22  0E00               	movlw	0
   312   01FF24  6FC4               	movwf	196,b	;volatile
   313                           
   314                           ;mcc_generated_files/mcc.c: 84:     PMD5 = 0x00;
   315   01FF26  0E00               	movlw	0
   316   01FF28  6FC5               	movwf	197,b	;volatile
   317                           
   318                           ;mcc_generated_files/mcc.c: 86:     PMD6 = 0x00;
   319   01FF2A  0E00               	movlw	0
   320   01FF2C  6FC6               	movwf	198,b	;volatile
   321                           
   322                           ;mcc_generated_files/mcc.c: 88:     PMD7 = 0x00;
   323   01FF2E  0E00               	movlw	0
   324   01FF30  6FC7               	movwf	199,b	;volatile
   325   01FF32                     
   326                           ; BSR set to: 57
   327   01FF32  0012               	return		;funcret
   328   01FF34                     __end_of_PMD_Initialize:
   329                           	callstack 0
   330                           
   331 ;; *************** function _PIN_MANAGER_Initialize *****************
   332 ;; Defined at:
   333 ;;		line 55 in file "mcc_generated_files/pin_manager.c"
   334 ;; Parameters:    Size  Location     Type
   335 ;;		None
   336 ;; Auto vars:     Size  Location     Type
   337 ;;		None
   338 ;; Return value:  Size  Location     Type
   339 ;;                  1    wreg      void 
   340 ;; Registers used:
   341 ;;		wreg, status,2
   342 ;; Tracked objects:
   343 ;;		On entry : 0/0
   344 ;;		On exit  : 0/0
   345 ;;		Unchanged: 0/0
   346 ;; Data sizes:     COMRAM   BANK0   BANK1   BANK2   BANK3   BANK4   BANK5   BANK6   BANK7   BANK8   BANK9  BANK10  BANK1
      +1  BANK12  BANK13  BANK14  BANK15  BANK16  BANK17  BANK18  BANK19  BANK20  BANK21  BANK22  BANK23  BANK24  BANK25  BANK2
      +6  BANK27  BANK28  BANK29  BANK30  BANK31
   347 ;;      Params:         0       0       0       0       0       0       0       0       0       0       0       0       
      +0       0       0       0       0       0       0       0       0       0       0       0       0       0       0       
      +0       0       0       0       0       0
   348 ;;      Locals:         0       0       0       0       0       0       0       0       0       0       0       0       
      +0       0       0       0       0       0       0       0       0       0       0       0       0       0       0       
      +0       0       0       0       0       0
   349 ;;      Temps:          0       0       0       0       0       0       0       0       0       0       0       0       
      +0       0       0       0       0       0       0       0       0       0       0       0       0       0       0       
      +0       0       0       0       0       0
   350 ;;      Totals:         0       0       0       0       0       0       0       0       0       0       0       0       
      +0       0       0       0       0       0       0       0       0       0       0       0       0       0       0       
      +0       0       0       0       0       0
   351 ;;Total ram usage:        0 bytes
   352 ;; Hardware stack levels used: 1
   353 ;; This function calls:
   354 ;;		Nothing
   355 ;; This function is called by:
   356 ;;		_SYSTEM_Initialize
   357 ;; This function uses a non-reentrant model
   358 ;;
   359                           
   360                           	psect	text3
   361   01FF70                     __ptext3:
   362                           	callstack 0
   363   01FF70                     _PIN_MANAGER_Initialize:
   364                           	callstack 29
   365   01FF70                     
   366                           ;mcc_generated_files/pin_manager.c: 60:     LATE = 0x00;
   367   01FF70  0E00               	movlw	0
   368   01FF72  6EBE               	movwf	190,c	;volatile
   369                           
   370                           ;mcc_generated_files/pin_manager.c: 61:     LATD = 0x00;
   371   01FF74  0E00               	movlw	0
   372   01FF76  6EBD               	movwf	189,c	;volatile
   373                           
   374                           ;mcc_generated_files/pin_manager.c: 62:     LATA = 0x00;
   375   01FF78  0E00               	movlw	0
   376   01FF7A  6EBA               	movwf	186,c	;volatile
   377                           
   378                           ;mcc_generated_files/pin_manager.c: 63:     LATB = 0x00;
   379   01FF7C  0E00               	movlw	0
   380   01FF7E  6EBB               	movwf	187,c	;volatile
   381                           
   382                           ;mcc_generated_files/pin_manager.c: 64:     LATC = 0x00;
   383   01FF80  0E00               	movlw	0
   384   01FF82  6EBC               	movwf	188,c	;volatile
   385                           
   386                           ;mcc_generated_files/pin_manager.c: 69:     TRISE = 0x07;
   387   01FF84  0E07               	movlw	7
   388   01FF86  6EC6               	movwf	198,c	;volatile
   389   01FF88                     
   390                           ;mcc_generated_files/pin_manager.c: 70:     TRISA = 0xFF;
   391   01FF88  68C2               	setf	194,c	;volatile
   392   01FF8A                     
   393                           ;mcc_generated_files/pin_manager.c: 71:     TRISB = 0xFF;
   394   01FF8A  68C3               	setf	195,c	;volatile
   395   01FF8C                     
   396                           ;mcc_generated_files/pin_manager.c: 72:     TRISC = 0xFF;
   397   01FF8C  68C4               	setf	196,c	;volatile
   398                           
   399                           ;mcc_generated_files/pin_manager.c: 73:     TRISD = 0xFB;
   400   01FF8E  0EFB               	movlw	251
   401   01FF90  6EC5               	movwf	197,c	;volatile
   402                           
   403                           ;mcc_generated_files/pin_manager.c: 78:     ANSELD = 0xFB;
   404   01FF92  0EFB               	movlw	251
   405   01FF94  013A               	movlb	58	; () banked
   406   01FF96  6F70               	movwf	112,b	;volatile
   407   01FF98                     
   408                           ; BSR set to: 58
   409                           ;mcc_generated_files/pin_manager.c: 79:     ANSELC = 0xFF;
   410   01FF98  6960               	setf	96,b	;volatile
   411   01FF9A                     
   412                           ; BSR set to: 58
   413                           ;mcc_generated_files/pin_manager.c: 80:     ANSELB = 0xFF;
   414   01FF9A  6950               	setf	80,b	;volatile
   415                           
   416                           ;mcc_generated_files/pin_manager.c: 81:     ANSELE = 0x07;
   417   01FF9C  0E07               	movlw	7
   418   01FF9E  6F80               	movwf	128,b	;volatile
   419   01FFA0                     
   420                           ; BSR set to: 58
   421                           ;mcc_generated_files/pin_manager.c: 82:     ANSELA = 0xFF;
   422   01FFA0  6940               	setf	64,b	;volatile
   423                           
   424                           ;mcc_generated_files/pin_manager.c: 87:     WPUD = 0x00;
   425   01FFA2  0E00               	movlw	0
   426   01FFA4  6F71               	movwf	113,b	;volatile
   427                           
   428                           ;mcc_generated_files/pin_manager.c: 88:     WPUE = 0x00;
   429   01FFA6  0E00               	movlw	0
   430   01FFA8  6F81               	movwf	129,b	;volatile
   431                           
   432                           ;mcc_generated_files/pin_manager.c: 89:     WPUB = 0x00;
   433   01FFAA  0E00               	movlw	0
   434   01FFAC  6F51               	movwf	81,b	;volatile
   435                           
   436                           ;mcc_generated_files/pin_manager.c: 90:     WPUA = 0x00;
   437   01FFAE  0E00               	movlw	0
   438   01FFB0  6F41               	movwf	65,b	;volatile
   439                           
   440                           ;mcc_generated_files/pin_manager.c: 91:     WPUC = 0x00;
   441   01FFB2  0E00               	movlw	0
   442   01FFB4  6F61               	movwf	97,b	;volatile
   443                           
   444                           ;mcc_generated_files/pin_manager.c: 96:     RB1I2C = 0x00;
   445   01FFB6  0E00               	movlw	0
   446   01FFB8  6F5A               	movwf	90,b	;volatile
   447                           
   448                           ;mcc_generated_files/pin_manager.c: 97:     RB2I2C = 0x00;
   449   01FFBA  0E00               	movlw	0
   450   01FFBC  6F5B               	movwf	91,b	;volatile
   451                           
   452                           ;mcc_generated_files/pin_manager.c: 98:     RC3I2C = 0x00;
   453   01FFBE  0E00               	movlw	0
   454   01FFC0  6F6A               	movwf	106,b	;volatile
   455                           
   456                           ;mcc_generated_files/pin_manager.c: 99:     RC4I2C = 0x00;
   457   01FFC2  0E00               	movlw	0
   458   01FFC4  6F6B               	movwf	107,b	;volatile
   459                           
   460                           ;mcc_generated_files/pin_manager.c: 100:     RD0I2C = 0x00;
   461   01FFC6  0E00               	movlw	0
   462   01FFC8  6F7A               	movwf	122,b	;volatile
   463                           
   464                           ;mcc_generated_files/pin_manager.c: 101:     RD1I2C = 0x00;
   465   01FFCA  0E00               	movlw	0
   466   01FFCC  6F7B               	movwf	123,b	;volatile
   467                           
   468                           ;mcc_generated_files/pin_manager.c: 106:     ODCONE = 0x00;
   469   01FFCE  0E00               	movlw	0
   470   01FFD0  6F82               	movwf	130,b	;volatile
   471                           
   472                           ;mcc_generated_files/pin_manager.c: 107:     ODCONA = 0x00;
   473   01FFD2  0E00               	movlw	0
   474   01FFD4  6F42               	movwf	66,b	;volatile
   475                           
   476                           ;mcc_generated_files/pin_manager.c: 108:     ODCONB = 0x00;
   477   01FFD6  0E00               	movlw	0
   478   01FFD8  6F52               	movwf	82,b	;volatile
   479                           
   480                           ;mcc_generated_files/pin_manager.c: 109:     ODCONC = 0x00;
   481   01FFDA  0E00               	movlw	0
   482   01FFDC  6F62               	movwf	98,b	;volatile
   483                           
   484                           ;mcc_generated_files/pin_manager.c: 110:     ODCOND = 0x00;
   485   01FFDE  0E00               	movlw	0
   486   01FFE0  6F72               	movwf	114,b	;volatile
   487   01FFE2                     
   488                           ; BSR set to: 58
   489                           ;mcc_generated_files/pin_manager.c: 115:     SLRCONA = 0xFF;
   490   01FFE2  6943               	setf	67,b	;volatile
   491   01FFE4                     
   492                           ; BSR set to: 58
   493                           ;mcc_generated_files/pin_manager.c: 116:     SLRCONB = 0xFF;
   494   01FFE4  6953               	setf	83,b	;volatile
   495   01FFE6                     
   496                           ; BSR set to: 58
   497                           ;mcc_generated_files/pin_manager.c: 117:     SLRCONC = 0xFF;
   498   01FFE6  6963               	setf	99,b	;volatile
   499   01FFE8                     
   500                           ; BSR set to: 58
   501                           ;mcc_generated_files/pin_manager.c: 118:     SLRCOND = 0xFF;
   502   01FFE8  6973               	setf	115,b	;volatile
   503                           
   504                           ;mcc_generated_files/pin_manager.c: 119:     SLRCONE = 0x07;
   505   01FFEA  0E07               	movlw	7
   506   01FFEC  6F83               	movwf	131,b	;volatile
   507   01FFEE                     
   508                           ; BSR set to: 58
   509                           ;mcc_generated_files/pin_manager.c: 124:     INLVLA = 0xFF;
   510   01FFEE  6944               	setf	68,b	;volatile
   511   01FFF0                     
   512                           ; BSR set to: 58
   513                           ;mcc_generated_files/pin_manager.c: 125:     INLVLB = 0xFF;
   514   01FFF0  6954               	setf	84,b	;volatile
   515   01FFF2                     
   516                           ; BSR set to: 58
   517                           ;mcc_generated_files/pin_manager.c: 126:     INLVLC = 0xFF;
   518   01FFF2  6964               	setf	100,b	;volatile
   519   01FFF4                     
   520                           ; BSR set to: 58
   521                           ;mcc_generated_files/pin_manager.c: 127:     INLVLD = 0xFF;
   522   01FFF4  6974               	setf	116,b	;volatile
   523                           
   524                           ;mcc_generated_files/pin_manager.c: 128:     INLVLE = 0x0F;
   525   01FFF6  0E0F               	movlw	15
   526   01FFF8  6F84               	movwf	132,b	;volatile
   527   01FFFA                     
   528                           ; BSR set to: 58
   529   01FFFA  0012               	return		;funcret
   530   01FFFC                     __end_of_PIN_MANAGER_Initialize:
   531                           	callstack 0
   532                           
   533 ;; *************** function _OSCILLATOR_Initialize *****************
   534 ;; Defined at:
   535 ;;		line 57 in file "mcc_generated_files/mcc.c"
   536 ;; Parameters:    Size  Location     Type
   537 ;;		None
   538 ;; Auto vars:     Size  Location     Type
   539 ;;		None
   540 ;; Return value:  Size  Location     Type
   541 ;;                  1    wreg      void 
   542 ;; Registers used:
   543 ;;		wreg, status,2
   544 ;; Tracked objects:
   545 ;;		On entry : 0/0
   546 ;;		On exit  : 0/0
   547 ;;		Unchanged: 0/0
   548 ;; Data sizes:     COMRAM   BANK0   BANK1   BANK2   BANK3   BANK4   BANK5   BANK6   BANK7   BANK8   BANK9  BANK10  BANK1
      +1  BANK12  BANK13  BANK14  BANK15  BANK16  BANK17  BANK18  BANK19  BANK20  BANK21  BANK22  BANK23  BANK24  BANK25  BANK2
      +6  BANK27  BANK28  BANK29  BANK30  BANK31
   549 ;;      Params:         0       0       0       0       0       0       0       0       0       0       0       0       
      +0       0       0       0       0       0       0       0       0       0       0       0       0       0       0       
      +0       0       0       0       0       0
   550 ;;      Locals:         0       0       0       0       0       0       0       0       0       0       0       0       
      +0       0       0       0       0       0       0       0       0       0       0       0       0       0       0       
      +0       0       0       0       0       0
   551 ;;      Temps:          0       0       0       0       0       0       0       0       0       0       0       0       
      +0       0       0       0       0       0       0       0       0       0       0       0       0       0       0       
      +0       0       0       0       0       0
   552 ;;      Totals:         0       0       0       0       0       0       0       0       0       0       0       0       
      +0       0       0       0       0       0       0       0       0       0       0       0       0       0       0       
      +0       0       0       0       0       0
   553 ;;Total ram usage:        0 bytes
   554 ;; Hardware stack levels used: 1
   555 ;; This function calls:
   556 ;;		Nothing
   557 ;; This function is called by:
   558 ;;		_SYSTEM_Initialize
   559 ;; This function uses a non-reentrant model
   560 ;;
   561                           
   562                           	psect	text4
   563   01FEF8                     __ptext4:
   564                           	callstack 0
   565   01FEF8                     _OSCILLATOR_Initialize:
   566                           	callstack 29
   567   01FEF8                     
   568                           ;mcc_generated_files/mcc.c: 60:     OSCCON1 = 0x60;
   569   01FEF8  0E60               	movlw	96
   570   01FEFA  0139               	movlb	57	; () banked
   571   01FEFC  6FD9               	movwf	217,b	;volatile
   572                           
   573                           ;mcc_generated_files/mcc.c: 62:     OSCCON3 = 0x00;
   574   01FEFE  0E00               	movlw	0
   575   01FF00  6FDB               	movwf	219,b	;volatile
   576                           
   577                           ;mcc_generated_files/mcc.c: 64:     OSCEN = 0x00;
   578   01FF02  0E00               	movlw	0
   579   01FF04  6FDD               	movwf	221,b	;volatile
   580                           
   581                           ;mcc_generated_files/mcc.c: 66:     OSCFRQ = 0x00;
   582   01FF06  0E00               	movlw	0
   583   01FF08  6FDF               	movwf	223,b	;volatile
   584                           
   585                           ;mcc_generated_files/mcc.c: 68:     OSCTUNE = 0x00;
   586   01FF0A  0E00               	movlw	0
   587   01FF0C  6FDE               	movwf	222,b	;volatile
   588   01FF0E                     
   589                           ; BSR set to: 57
   590   01FF0E  0012               	return		;funcret
   591   01FF10                     __end_of_OSCILLATOR_Initialize:
   592                           	callstack 0
   593   000000                     
   594                           	psect	rparam
   595   000000                     
   596                           	psect	idloc
   597                           
   598                           ;Config register IDLOC0 @ 0x200000
   599                           ;	unspecified, using default values
   600   200000                     	org	2097152
   601   200000  0FFF               	dw	4095
   602                           
   603                           ;Config register IDLOC1 @ 0x200002
   604                           ;	unspecified, using default values
   605   200002                     	org	2097154
   606   200002  0FFF               	dw	4095
   607                           
   608                           ;Config register IDLOC2 @ 0x200004
   609                           ;	unspecified, using default values
   610   200004                     	org	2097156
   611   200004  0FFF               	dw	4095
   612                           
   613                           ;Config register IDLOC3 @ 0x200006
   614                           ;	unspecified, using default values
   615   200006                     	org	2097158
   616   200006  0FFF               	dw	4095
   617                           
   618                           ;Config register IDLOC4 @ 0x200008
   619                           ;	unspecified, using default values
   620   200008                     	org	2097160
   621   200008  0FFF               	dw	4095
   622                           
   623                           ;Config register IDLOC5 @ 0x20000A
   624                           ;	unspecified, using default values
   625   20000A                     	org	2097162
   626   20000A  0FFF               	dw	4095
   627                           
   628                           ;Config register IDLOC6 @ 0x20000C
   629                           ;	unspecified, using default values
   630   20000C                     	org	2097164
   631   20000C  0FFF               	dw	4095
   632                           
   633                           ;Config register IDLOC7 @ 0x20000E
   634                           ;	unspecified, using default values
   635   20000E                     	org	2097166
   636   20000E  0FFF               	dw	4095
   637                           
   638                           	psect	config
   639                           
   640                           ;Config register CONFIG1L @ 0x300000
   641                           ;	External Oscillator Selection
   642                           ;	FEXTOSC = OFF, Oscillator not enabled
   643                           ;	Reset Oscillator Selection
   644                           ;	RSTOSC = HFINTOSC_1MHZ, HFINTOSC with HFFRQ = 4 MHz and CDIV = 4:1
   645   300000                     	org	3145728
   646   300000  EC                 	db	236
   647                           
   648                           ;Config register CONFIG1H @ 0x300001
   649                           ;	Clock out Enable bit
   650                           ;	CLKOUTEN = OFF, CLKOUT function is disabled
   651                           ;	PRLOCKED One-Way Set Enable bit
   652                           ;	PR1WAY = ON, PRLOCK bit can be cleared and set only once
   653                           ;	Clock Switch Enable bit
   654                           ;	CSWEN = ON, Writing to NOSC and NDIV is allowed
   655                           ;	Fail-Safe Clock Monitor Enable bit
   656                           ;	FCMEN = ON, Fail-Safe Clock Monitor enabled
   657   300001                     	org	3145729
   658   300001  FF                 	db	255
   659                           
   660                           ;Config register CONFIG2L @ 0x300002
   661                           ;	MCLR Enable bit
   662                           ;	MCLRE = EXTMCLR, If LVP = 0, MCLR pin is MCLR; If LVP = 1, RE3 pin function is MCLR
   663                           ;	Power-up timer selection bits
   664                           ;	PWRTS = PWRT_OFF, PWRT is disabled
   665                           ;	Multi-vector enable bit
   666                           ;	MVECEN = OFF, Interrupt contoller does not use vector table to prioritze interrupts
   667                           ;	IVTLOCK bit One-way set enable bit
   668                           ;	IVT1WAY = ON, IVTLOCK bit can be cleared and set only once
   669                           ;	Low Power BOR Enable bit
   670                           ;	LPBOREN = OFF, ULPBOR disabled
   671                           ;	Brown-out Reset Enable bits
   672                           ;	BOREN = SBORDIS, Brown-out Reset enabled , SBOREN bit is ignored
   673   300002                     	org	3145730
   674   300002  F7                 	db	247
   675                           
   676                           ;Config register CONFIG2H @ 0x300003
   677                           ;	Brown-out Reset Voltage Selection bits
   678                           ;	BORV = VBOR_2P45, Brown-out Reset Voltage (VBOR) set to 2.45V
   679                           ;	ZCD Disable bit
   680                           ;	ZCD = OFF, ZCD disabled. ZCD can be enabled by setting the ZCDSEN bit of ZCDCON
   681                           ;	PPSLOCK bit One-Way Set Enable bit
   682                           ;	PPS1WAY = ON, PPSLOCK bit can be cleared and set only once; PPS registers remain locke
      +                          d after one clear/set cycle
   683                           ;	Stack Full/Underflow Reset Enable bit
   684                           ;	STVREN = ON, Stack full/underflow will cause Reset
   685                           ;	Debugger Enable bit
   686                           ;	DEBUG = OFF, Background debugger disabled
   687                           ;	Extended Instruction Set Enable bit
   688                           ;	XINST = OFF, Extended Instruction Set and Indexed Addressing Mode disabled
   689   300003                     	org	3145731
   690   300003  FF                 	db	255
   691                           
   692                           ;Config register CONFIG3L @ 0x300004
   693                           ;	WDT Period selection bits
   694                           ;	WDTCPS = WDTCPS_31, Divider ratio 1:65536; software control of WDTPS
   695                           ;	WDT operating mode
   696                           ;	WDTE = OFF, WDT Disabled; SWDTEN is ignored
   697   300004                     	org	3145732
   698   300004  9F                 	db	159
   699                           
   700                           ;Config register CONFIG3H @ 0x300005
   701                           ;	WDT Window Select bits
   702                           ;	WDTCWS = WDTCWS_7, window always open (100%); software control; keyed access not requi
      +                          red
   703                           ;	WDT input clock selector
   704                           ;	WDTCCS = SC, Software Control
   705   300005                     	org	3145733
   706   300005  FF                 	db	255
   707                           
   708                           ;Config register CONFIG4L @ 0x300006
   709                           ;	Boot Block Size selection bits
   710                           ;	BBSIZE = BBSIZE_512, Boot Block size is 512 words
   711                           ;	Boot Block enable bit
   712                           ;	BBEN = OFF, Boot block disabled
   713                           ;	Storage Area Flash enable bit
   714                           ;	SAFEN = OFF, SAF disabled
   715                           ;	Application Block write protection bit
   716                           ;	WRTAPP = OFF, Application Block not write protected
   717   300006                     	org	3145734
   718   300006  FF                 	db	255
   719                           
   720                           ;Config register CONFIG4H @ 0x300007
   721                           ;	Configuration Register Write Protection bit
   722                           ;	WRTB = OFF, Configuration registers (300000-30000Bh) not write-protected
   723                           ;	Boot Block Write Protection bit
   724                           ;	WRTC = OFF, Boot Block (000000-0007FFh) not write-protected
   725                           ;	Data EEPROM Write Protection bit
   726                           ;	WRTD = OFF, Data EEPROM not write-protected
   727                           ;	SAF Write protection bit
   728                           ;	WRTSAF = OFF, SAF not Write Protected
   729                           ;	Low Voltage Programming Enable bit
   730                           ;	LVP = ON, Low voltage programming enabled. MCLR/VPP pin function is MCLR. MCLRE config
      +                          uration bit is ignored
   731   300007                     	org	3145735
   732   300007  FF                 	db	255
   733                           
   734                           ;Config register CONFIG5L @ 0x300008
   735                           ;	PFM and Data EEPROM Code Protection bit
   736                           ;	CP = OFF, PFM and Data EEPROM code protection disabled
   737   300008                     	org	3145736
   738   300008  FF                 	db	255
   739                           
   740                           ;Config register CONFIG5H @ 0x300009
   741                           ;	unspecified, using default values
   742   300009                     	org	3145737
   743   300009  FF                 	db	255
   744                           tosu	equ	0x3FFF
   745                           tosh	equ	0x3FFE
   746                           tosl	equ	0x3FFD
   747                           stkptr	equ	0x3FFC
   748                           pclatu	equ	0x3FFB
   749                           pclath	equ	0x3FFA
   750                           pcl	equ	0x3FF9
   751                           tblptru	equ	0x3FF8
   752                           tblptrh	equ	0x3FF7
   753                           tblptrl	equ	0x3FF6
   754                           tablat	equ	0x3FF5
   755                           prodh	equ	0x3FF4
   756                           prodl	equ	0x3FF3
   757                           indf0	equ	0x3FEF
   758                           postinc0	equ	0x3FEE
   759                           postdec0	equ	0x3FED
   760                           preinc0	equ	0x3FEC
   761                           plusw0	equ	0x3FEB
   762                           fsr0h	equ	0x3FEA
   763                           fsr0l	equ	0x3FE9
   764                           wreg	equ	0x3FE8
   765                           indf1	equ	0x3FE7
   766                           postinc1	equ	0x3FE6
   767                           postdec1	equ	0x3FE5
   768                           preinc1	equ	0x3FE4
   769                           plusw1	equ	0x3FE3
   770                           fsr1h	equ	0x3FE2
   771                           fsr1l	equ	0x3FE1
   772                           bsr	equ	0x3FE0
   773                           indf2	equ	0x3FDF
   774                           postinc2	equ	0x3FDE
   775                           postdec2	equ	0x3FDD
   776                           preinc2	equ	0x3FDC
   777                           plusw2	equ	0x3FDB
   778                           fsr2h	equ	0x3FDA
   779                           fsr2l	equ	0x3FD9
   780                           status	equ	0x3FD8

Data Sizes:
    Strings     0
    Constant    0
    Data        0
    BSS         0
    Persistent  0
    Stack       0

Auto Spaces:
    Space          Size  Autos    Used
    COMRAM           95      2       2
    BANK0           160      0       0
    BANK1           256      0       0
    BANK2           256      0       0
    BANK3           256      0       0
    BANK4           256      0       0
    BANK5           256      0       0
    BANK6           256      0       0
    BANK7           256      0       0
    BANK8           256      0       0
    BANK9           256      0       0
    BANK10          256      0       0
    BANK11          256      0       0
    BANK12          256      0       0
    BANK13          256      0       0
    BANK14          256      0       0
    BANK15          256      0       0
    BANK16          256      0       0
    BANK17          256      0       0
    BANK18          256      0       0
    BANK19          256      0       0
    BANK20          256      0       0
    BANK21          256      0       0
    BANK22          256      0       0
    BANK23          256      0       0
    BANK24          256      0       0
    BANK25          256      0       0
    BANK26          256      0       0
    BANK27          256      0       0
    BANK28          256      0       0
    BANK29          256      0       0
    BANK30          256      0       0
    BANK31          256      0       0

Pointer List with Targets:

    None.

Critical Paths under _main in COMRAM

    None.

Critical Paths under _main in BANK0

    None.

Critical Paths under _main in BANK1

    None.

Critical Paths under _main in BANK2

    None.

Critical Paths under _main in BANK3

    None.

Critical Paths under _main in BANK4

    None.

Critical Paths under _main in BANK5

    None.

Critical Paths under _main in BANK6

    None.

Critical Paths under _main in BANK7

    None.

Critical Paths under _main in BANK8

    None.

Critical Paths under _main in BANK9

    None.

Critical Paths under _main in BANK10

    None.

Critical Paths under _main in BANK11

    None.

Critical Paths under _main in BANK12

    None.

Critical Paths under _main in BANK13

    None.

Critical Paths under _main in BANK14

    None.

Critical Paths under _main in BANK15

    None.

Critical Paths under _main in BANK16

    None.

Critical Paths under _main in BANK17

    None.

Critical Paths under _main in BANK18

    None.

Critical Paths under _main in BANK19

    None.

Critical Paths under _main in BANK20

    None.

Critical Paths under _main in BANK21

    None.

Critical Paths under _main in BANK22

    None.

Critical Paths under _main in BANK23

    None.

Critical Paths under _main in BANK24

    None.

Critical Paths under _main in BANK25

    None.

Critical Paths under _main in BANK26

    None.

Critical Paths under _main in BANK27

    None.

Critical Paths under _main in BANK28

    None.

Critical Paths under _main in BANK29

    None.

Critical Paths under _main in BANK30

    None.

Critical Paths under _main in BANK31

    None.

Call Graph Tables:

 ---------------------------------------------------------------------------------
 (Depth) Function   	        Calls       Base Space   Used Autos Params    Refs
 ---------------------------------------------------------------------------------
 (0) _main                                                 2     2      0       0
                                              0 COMRAM     2     2      0
                  _SYSTEM_Initialize
 ---------------------------------------------------------------------------------
 (1) _SYSTEM_Initialize                                    0     0      0       0
              _OSCILLATOR_Initialize
             _PIN_MANAGER_Initialize
                     _PMD_Initialize
 ---------------------------------------------------------------------------------
 (2) _PMD_Initialize                                       0     0      0       0
 ---------------------------------------------------------------------------------
 (2) _PIN_MANAGER_Initialize                               0     0      0       0
 ---------------------------------------------------------------------------------
 (2) _OSCILLATOR_Initialize                                0     0      0       0
 ---------------------------------------------------------------------------------
 Estimated maximum stack depth 2
 ---------------------------------------------------------------------------------

 Call Graph Graphs:

 _main (ROOT)
   _SYSTEM_Initialize
     _OSCILLATOR_Initialize
     _PIN_MANAGER_Initialize
     _PMD_Initialize

 Address spaces:
Name               Size   Autos  Total    Cost      Usage
BITCOMRAM           5F      0       0       0        0.0%
EEDATA             400      0       0       0        0.0%
NULL                 0      0       0       0        0.0%
CODE                 0      0       0       0        0.0%
COMRAM              5F      2       2       1        2.1%
STACK                0      0       0       2        0.0%
DATA                 0      0       0       3        0.0%
BITBANK0            A0      0       0       4        0.0%
BANK0               A0      0       0       5        0.0%
BITBANK1           100      0       0       6        0.0%
BANK1              100      0       0       7        0.0%
BITBANK2           100      0       0       8        0.0%
BANK2              100      0       0       9        0.0%
BITBANK3           100      0       0      10        0.0%
BANK3              100      0       0      11        0.0%
BITBANK4           100      0       0      12        0.0%
BANK4              100      0       0      13        0.0%
BITBANK5           100      0       0      14        0.0%
BANK5              100      0       0      15        0.0%
BITBANK6           100      0       0      16        0.0%
BANK6              100      0       0      17        0.0%
BITBANK7           100      0       0      18        0.0%
BANK7              100      0       0      19        0.0%
BITBANK8           100      0       0      20        0.0%
BANK8              100      0       0      21        0.0%
BITBANK9           100      0       0      22        0.0%
BANK9              100      0       0      23        0.0%
BITBANK10          100      0       0      24        0.0%
BANK10             100      0       0      25        0.0%
BITBANK11          100      0       0      26        0.0%
BANK11             100      0       0      27        0.0%
BITBANK12          100      0       0      28        0.0%
BANK12             100      0       0      29        0.0%
ABS                  0      0       0      30        0.0%
BITBANK13          100      0       0      31        0.0%
BANK13             100      0       0      32        0.0%
BITBANK14          100      0       0      33        0.0%
BANK14             100      0       0      34        0.0%
BITBANK15          100      0       0      35        0.0%
BANK15             100      0       0      36        0.0%
BITBANK16          100      0       0      37        0.0%
BANK16             100      0       0      38        0.0%
BITBANK17          100      0       0      39        0.0%
BANK17             100      0       0      40        0.0%
BITBANK18          100      0       0      41        0.0%
BANK18             100      0       0      42        0.0%
BITBANK19          100      0       0      43        0.0%
BANK19             100      0       0      44        0.0%
BITBANK20          100      0       0      45        0.0%
BANK20             100      0       0      46        0.0%
BITBANK21          100      0       0      47        0.0%
BANK21             100      0       0      48        0.0%
BITBANK22          100      0       0      49        0.0%
BANK22             100      0       0      50        0.0%
BITBANK23          100      0       0      51        0.0%
BANK23             100      0       0      52        0.0%
BITBANK24          100      0       0      53        0.0%
BANK24             100      0       0      54        0.0%
BITBANK25          100      0       0      55        0.0%
BANK25             100      0       0      56        0.0%
BITBANK26          100      0       0      57        0.0%
BANK26             100      0       0      58        0.0%
BITBANK27          100      0       0      59        0.0%
BANK27             100      0       0      60        0.0%
BITBANK28          100      0       0      61        0.0%
BANK28             100      0       0      62        0.0%
BITBANK29          100      0       0      63        0.0%
BANK29             100      0       0      64        0.0%
BITBANK30          100      0       0      65        0.0%
BANK30             100      0       0      66        0.0%
BITBANK31          100      0       0      67        0.0%
BANK31             100      0       0      68        0.0%
BITBIGSFRhhhhhh     39      0       0      69        0.0%
BITBIGSFRhhhhhl      3      0       0      70        0.0%
BITBIGSFRhhhhll    535      0       0      71        0.0%
BITBIGSFRhhhhll      4      0       0      72        0.0%
BITBIGSFRhhhhll      5      0       0      73        0.0%
BITBIGSFRhhhhll      4      0       0      74        0.0%
BITBIGSFRhhhhll      5      0       0      75        0.0%
BITBIGSFRhhhhll      4      0       0      76        0.0%
BITBIGSFRhhhhll      5      0       0      77        0.0%
BITBIGSFRhhhhll      B      0       0      78        0.0%
BITBIGSFRhhhhll     60      0       0      79        0.0%
BITBIGSFRhhl         1      0       0      80        0.0%
BITBIGSFRhl          1      0       0      81        0.0%
BITBIGSFRlh         11      0       0      82        0.0%
BITBIGSFRll        1C0      0       0      83        0.0%
BIGRAM            1FFF      0       0      84        0.0%
BIGSFR               0      0       0     200        0.0%
BITSFR_8             0      0       0     200        0.0%
SFR_8                0      0       0     200        0.0%
BITSFR_7             0      0       0     200        0.0%
SFR_7                0      0       0     200        0.0%
BITSFR_6             0      0       0     200        0.0%
SFR_6                0      0       0     200        0.0%
BITSFR_5             0      0       0     200        0.0%
SFR_5                0      0       0     200        0.0%
BITSFR_4             0      0       0     200        0.0%
SFR_4                0      0       0     200        0.0%
BITSFR_3             0      0       0     200        0.0%
SFR_3                0      0       0     200        0.0%
BITSFR_2             0      0       0     200        0.0%
SFR_2                0      0       0     200        0.0%
BITSFR_1             0      0       0     200        0.0%
SFR_1                0      0       0     200        0.0%
BITSFR               0      0       0     200        0.0%
SFR                  0      0       0     200        0.0%


Microchip Technology PIC18 Macro Assembler V2.40 build 20220703182018 
Symbol Table                                                                                   Fri Apr 28 23:09:14 2023

                            l41 FF32                              l35 FEF6                              l38 FF0E  
                            u17 FF44                              u27 FF5C                             l144 FFFA  
                           l831 FF8C                             l823 FF10                             l841 FFE4  
                           l833 FF98                             l825 FF70                             l851 FFF2  
                           l843 FFE6                             l835 FF9A                             l827 FF88  
                           l853 FFF4                             l845 FFE8                             l837 FFA0  
                           l829 FF8A                             l861 FF38                             l855 FEF8  
                           l847 FFEE                             l839 FFE2                             l863 FF3A  
                           l849 FFF0                             l857 FEEA                             l865 FF50  
                           l867 FF52                             l859 FF34                             wreg 003FE8  
                          _LATA 003FBA                            _LATB 003FBB                            _LATC 003FBC  
                          _LATD 003FBD                            _LATE 003FBE                            _PMD0 0039C0  
                          _PMD1 0039C1                            _PMD2 0039C2                            _PMD3 0039C3  
                          _PMD4 0039C4                            _PMD5 0039C5                            _PMD6 0039C6  
                          _PMD7 0039C7                            _WPUA 003A41                            _WPUB 003A51  
                          _WPUC 003A61                            _WPUD 003A71                            _WPUE 003A81  
                          _main FF34                            start FFFC                    ___param_bank 000000  
 __end_of_OSCILLATOR_Initialize FF10                           ?_main 0001                           _OSCEN 0039DD  
                         _TRISA 003FC2                           _TRISB 003FC3                           _TRISC 003FC4  
                         _TRISD 003FC5                           _TRISE 003FC6                 __initialization FEE4  
                  __end_of_main FF70                          ??_main 0001                   __activetblptr 000000  
                        _ANSELA 003A40                          _ANSELB 003A50                          _ANSELC 003A60  
                        _ANSELD 003A70                          _ANSELE 003A80                          _RB1I2C 003A5A  
                        _RB2I2C 003A5B                          _RD0I2C 003A7A                          _RD1I2C 003A7B  
                        _RC3I2C 003A6A                          _RC4I2C 003A6B                          _ODCONA 003A42  
                        _ODCONB 003A52                          _ODCONC 003A62                          _ODCOND 003A72  
                        _ODCONE 003A82                          _INLVLA 003A44                          _INLVLB 003A54  
                        _INLVLC 003A64                          _INLVLD 003A74                          _INLVLE 003A84  
                        _OSCFRQ 0039DF                          isa$std 000001                  _PMD_Initialize FF10  
             _SYSTEM_Initialize FEEA                      __accesstop 0060         __end_of__initialization FEE4  
            ?_SYSTEM_Initialize 0001                   ___rparam_used 000001                  __pcstackCOMRAM 0001  
           ??_SYSTEM_Initialize 0001          __end_of_PMD_Initialize FF34       __end_of_SYSTEM_Initialize FEF8  
               ?_PMD_Initialize 0001                         _OSCCON1 0039D9                         _OSCCON3 0039DB  
                       _OSCTUNE 0039DE                         _SLRCONA 003A43                         _SLRCONB 003A53  
                       _SLRCONC 003A63                         _SLRCOND 003A73                         _SLRCONE 003A83  
                       __Hparam 0000                         __Lparam 0000                         __pcinit FEE4  
                       __ramtop 2000                         __ptext0 FF34                         __ptext1 FEEA  
                       __ptext2 FF10                         __ptext3 FF70                         __ptext4 FEF8  
         _OSCILLATOR_Initialize FEF8        ??_PIN_MANAGER_Initialize 0001            end_of_initialization FEE4  
        ?_OSCILLATOR_Initialize 0001             start_initialization FEE4                ??_PMD_Initialize 0001  
        _PIN_MANAGER_Initialize FF70                        _LATDbits 003FBD                        __Hrparam 0000  
                      __Lrparam 0000         ??_OSCILLATOR_Initialize 0001                        isa$xinst 000000  
       ?_PIN_MANAGER_Initialize 0001  __end_of_PIN_MANAGER_Initialize FFFC  
